[2023-11-19 10:24:43,554] [autoreload.py:668] [autoreload:run_with_reloader] [INFO]- Watching for file changes with StatReloader
[2023-11-19 10:26:42,537] [autoreload.py:266] [autoreload:trigger_reload] [INFO]- D:\git\manager_system\interview\admin.py changed, reloading.
[2023-11-19 10:26:44,720] [autoreload.py:668] [autoreload:run_with_reloader] [INFO]- Watching for file changes with StatReloader
[2023-11-19 10:29:16,453] [autoreload.py:266] [autoreload:trigger_reload] [INFO]- D:\git\manager_system\interview\admin.py changed, reloading.
[2023-11-19 10:29:18,720] [autoreload.py:668] [autoreload:run_with_reloader] [INFO]- Watching for file changes with StatReloader
[2023-11-19 10:30:58,064] [basehttp.py:212] [basehttp:log_message] [INFO]- "GET /admin/ HTTP/1.1" 200 14036
[2023-11-19 10:30:58,164] [basehttp.py:212] [basehttp:log_message] [INFO]- "GET /static/grappelli/images/spritesheet-1694777276.png HTTP/1.1" 200 25228
[2023-11-19 10:30:58,217] [log.py:241] [log:log_response] [WARNING]- Not Found: /favicon.ico
[2023-11-19 10:30:58,217] [basehttp.py:81] [basehttp:handle_error] [INFO]- - Broken pipe from ('127.0.0.1', 56497)
[2023-11-19 10:31:04,283] [basehttp.py:212] [basehttp:log_message] [INFO]- "GET /admin/interview/candidate/ HTTP/1.1" 200 49899
[2023-11-19 10:31:04,371] [basehttp.py:212] [basehttp:log_message] [INFO]- "GET /admin/jsi18n/ HTTP/1.1" 200 8560
[2023-11-19 10:31:04,421] [basehttp.py:212] [basehttp:log_message] [INFO]- "GET /static/grappelli/images/backgrounds/changelist-results.png HTTP/1.1" 200 244
[2023-11-19 10:31:04,422] [basehttp.py:212] [basehttp:log_message] [INFO]- "GET /static/grappelli/images/icons/form-select.png HTTP/1.1" 200 289
[2023-11-19 10:31:27,882] [basehttp.py:212] [basehttp:log_message] [INFO]- "POST /admin/interview/candidate/ HTTP/1.1" 302 0
[2023-11-19 10:31:27,973] [basehttp.py:212] [basehttp:log_message] [INFO]- "GET /admin/interview/candidate/ HTTP/1.1" 200 50262
[2023-11-19 10:31:28,009] [basehttp.py:212] [basehttp:log_message] [INFO]- "GET /admin/jsi18n/ HTTP/1.1" 200 8560
[2023-11-19 10:32:02,658] [basehttp.py:212] [basehttp:log_message] [INFO]- "GET /admin/interview/candidate/ HTTP/1.1" 200 26907
[2023-11-19 10:32:02,686] [basehttp.py:212] [basehttp:log_message] [INFO]- "GET /static/grappelli/jquery/ui/jquery-ui.min.css HTTP/1.1" 200 29614
[2023-11-19 10:32:02,688] [basehttp.py:212] [basehttp:log_message] [INFO]- "GET /static/grappelli/stylesheets/screen.css HTTP/1.1" 200 127982
[2023-11-19 10:32:02,702] [basehttp.py:212] [basehttp:log_message] [INFO]- "GET /static/grappelli/stylesheets/mueller/grid/output.css HTTP/1.1" 200 36537
[2023-11-19 10:32:02,704] [basehttp.py:212] [basehttp:log_message] [INFO]- "GET /static/grappelli/jquery/jquery.min.js HTTP/1.1" 200 89501
[2023-11-19 10:32:02,717] [basehttp.py:212] [basehttp:log_message] [INFO]- "GET /static/grappelli/jquery/jquery-migrate-3.0.1.min.js HTTP/1.1" 200 11421
[2023-11-19 10:32:02,717] [basehttp.py:212] [basehttp:log_message] [INFO]- "GET /static/grappelli/js/grappelli.min.js HTTP/1.1" 200 27906
[2023-11-19 10:32:02,717] [basehttp.py:212] [basehttp:log_message] [INFO]- "GET /static/grappelli/jquery/ui/jquery-ui.min.js HTTP/1.1" 200 255084
[2023-11-19 10:32:02,741] [basehttp.py:212] [basehttp:log_message] [INFO]- "GET /admin/jsi18n/ HTTP/1.1" 200 8560
[2023-11-19 10:32:02,824] [basehttp.py:212] [basehttp:log_message] [INFO]- "GET /static/grappelli/images/backgrounds/changelist-results.png HTTP/1.1" 200 244
[2023-11-19 10:32:02,825] [basehttp.py:212] [basehttp:log_message] [INFO]- "GET /static/grappelli/images/spritesheet-1694777276.png HTTP/1.1" 200 25228
[2023-11-19 10:32:02,829] [basehttp.py:212] [basehttp:log_message] [INFO]- "GET /static/grappelli/images/icons/form-select.png HTTP/1.1" 200 289
[2023-11-19 10:32:02,939] [log.py:241] [log:log_response] [WARNING]- Not Found: /favicon.ico
[2023-11-19 10:32:02,940] [basehttp.py:212] [basehttp:log_message] [WARNING]- "GET /favicon.ico HTTP/1.1" 404 2623
[2023-11-19 10:32:06,840] [basehttp.py:212] [basehttp:log_message] [INFO]- "GET /admin/interview/candidate/ HTTP/1.1" 200 26907
[2023-11-19 10:32:06,861] [basehttp.py:212] [basehttp:log_message] [INFO]- "GET /admin/jsi18n/ HTTP/1.1" 200 8560
[2023-11-19 10:32:17,579] [admin.py:104] [admin:get_readonly_fields] [INFO]- interviewer is in user group for zhang
[2023-11-19 10:32:17,585] [admin.py:104] [admin:get_readonly_fields] [INFO]- interviewer is in user group for zhang
[2023-11-19 10:32:17,663] [basehttp.py:212] [basehttp:log_message] [INFO]- "GET /admin/interview/candidate/3/change/ HTTP/1.1" 200 32048
[2023-11-19 10:32:17,677] [basehttp.py:212] [basehttp:log_message] [INFO]- "GET /admin/jsi18n/ HTTP/1.1" 200 8560
[2023-11-19 10:32:26,472] [admin.py:104] [admin:get_readonly_fields] [INFO]- interviewer is in user group for zhang
[2023-11-19 10:32:26,478] [admin.py:104] [admin:get_readonly_fields] [INFO]- interviewer is in user group for zhang
[2023-11-19 10:32:26,524] [basehttp.py:212] [basehttp:log_message] [INFO]- "GET /admin/interview/candidate/3/change/ HTTP/1.1" 200 32048
[2023-11-19 10:32:26,544] [basehttp.py:212] [basehttp:log_message] [INFO]- "GET /admin/jsi18n/ HTTP/1.1" 200 8560
[2023-11-19 10:32:28,138] [admin.py:104] [admin:get_readonly_fields] [INFO]- interviewer is in user group for zhang
[2023-11-19 10:32:28,138] [admin.py:104] [admin:get_readonly_fields] [INFO]- interviewer is in user group for zhang
[2023-11-19 10:32:28,208] [basehttp.py:212] [basehttp:log_message] [INFO]- "GET /admin/interview/candidate/3/change/ HTTP/1.1" 200 32048
[2023-11-19 10:32:28,230] [basehttp.py:212] [basehttp:log_message] [INFO]- "GET /admin/jsi18n/ HTTP/1.1" 200 8560
[2023-11-19 10:32:29,407] [basehttp.py:212] [basehttp:log_message] [INFO]- "GET /admin/interview/candidate/ HTTP/1.1" 200 26907
[2023-11-19 10:32:47,273] [admin.py:104] [admin:get_readonly_fields] [INFO]- interviewer is in user group for zhang
[2023-11-19 10:32:47,278] [admin.py:104] [admin:get_readonly_fields] [INFO]- interviewer is in user group for zhang
[2023-11-19 10:32:47,331] [basehttp.py:212] [basehttp:log_message] [INFO]- "GET /admin/interview/candidate/3/change/ HTTP/1.1" 200 32048
[2023-11-19 10:32:47,350] [basehttp.py:212] [basehttp:log_message] [INFO]- "GET /admin/jsi18n/ HTTP/1.1" 200 8560
[2023-11-19 10:33:06,289] [basehttp.py:212] [basehttp:log_message] [INFO]- "GET /admin/logout/ HTTP/1.1" 200 4888
[2023-11-19 10:33:07,587] [basehttp.py:212] [basehttp:log_message] [INFO]- "GET /admin/ HTTP/1.1" 302 0
[2023-11-19 10:33:07,593] [basehttp.py:212] [basehttp:log_message] [INFO]- "GET /admin/login/?next=/admin/ HTTP/1.1" 200 6093
[2023-11-19 10:33:09,877] [basehttp.py:212] [basehttp:log_message] [INFO]- "POST /admin/login/?next=/admin/ HTTP/1.1" 302 0
[2023-11-19 10:33:09,892] [basehttp.py:212] [basehttp:log_message] [INFO]- "GET /admin/ HTTP/1.1" 200 7495
[2023-11-19 10:33:11,650] [basehttp.py:212] [basehttp:log_message] [INFO]- "GET /admin/interview/candidate/ HTTP/1.1" 200 26907
[2023-11-19 10:33:11,668] [basehttp.py:212] [basehttp:log_message] [INFO]- "GET /admin/jsi18n/ HTTP/1.1" 200 8560
[2023-11-19 10:37:25,194] [admin.py:104] [admin:get_readonly_fields] [INFO]- interviewer is in user group for zhang
[2023-11-19 10:37:25,202] [admin.py:104] [admin:get_readonly_fields] [INFO]- interviewer is in user group for zhang
[2023-11-19 10:37:25,264] [basehttp.py:212] [basehttp:log_message] [INFO]- "GET /admin/interview/candidate/4/change/ HTTP/1.1" 200 22835
[2023-11-19 10:37:25,300] [basehttp.py:212] [basehttp:log_message] [INFO]- "GET /admin/jsi18n/ HTTP/1.1" 200 8560
[2023-11-19 10:37:31,497] [basehttp.py:212] [basehttp:log_message] [INFO]- "GET /admin/interview/candidate/ HTTP/1.1" 200 26907
[2023-11-19 10:37:33,824] [admin.py:104] [admin:get_readonly_fields] [INFO]- interviewer is in user group for zhang
[2023-11-19 10:37:33,834] [admin.py:104] [admin:get_readonly_fields] [INFO]- interviewer is in user group for zhang
[2023-11-19 10:37:33,913] [basehttp.py:212] [basehttp:log_message] [INFO]- "GET /admin/interview/candidate/5/change/ HTTP/1.1" 200 22823
[2023-11-19 10:37:33,949] [basehttp.py:212] [basehttp:log_message] [INFO]- "GET /admin/jsi18n/ HTTP/1.1" 200 8560
[2023-11-19 10:37:38,090] [basehttp.py:212] [basehttp:log_message] [INFO]- "GET /admin/interview/candidate/ HTTP/1.1" 200 26907
[2023-11-19 10:37:49,117] [admin.py:104] [admin:get_readonly_fields] [INFO]- interviewer is in user group for zhang
[2023-11-19 10:37:49,125] [admin.py:104] [admin:get_readonly_fields] [INFO]- interviewer is in user group for zhang
[2023-11-19 10:37:49,192] [basehttp.py:212] [basehttp:log_message] [INFO]- "GET /admin/interview/candidate/5/change/ HTTP/1.1" 200 22823
[2023-11-19 10:37:49,227] [basehttp.py:212] [basehttp:log_message] [INFO]- "GET /admin/jsi18n/ HTTP/1.1" 200 8560
[2023-11-19 10:37:55,056] [basehttp.py:212] [basehttp:log_message] [INFO]- "GET /admin/interview/candidate/ HTTP/1.1" 200 26907
[2023-11-19 10:38:31,205] [admin.py:104] [admin:get_readonly_fields] [INFO]- interviewer is in user group for zhang
[2023-11-19 10:38:31,211] [admin.py:104] [admin:get_readonly_fields] [INFO]- interviewer is in user group for zhang
[2023-11-19 10:38:31,281] [basehttp.py:212] [basehttp:log_message] [INFO]- "GET /admin/interview/candidate/5/change/ HTTP/1.1" 200 22823
[2023-11-19 10:38:31,311] [basehttp.py:212] [basehttp:log_message] [INFO]- "GET /admin/jsi18n/ HTTP/1.1" 200 8560
[2023-11-19 10:38:40,730] [basehttp.py:212] [basehttp:log_message] [INFO]- "GET /admin/interview/candidate/ HTTP/1.1" 200 26907
[2023-11-19 10:38:40,764] [basehttp.py:212] [basehttp:log_message] [INFO]- "GET /admin/jsi18n/ HTTP/1.1" 200 8560
[2023-11-19 10:39:12,433] [basehttp.py:212] [basehttp:log_message] [INFO]- "POST /admin/interview/candidate/ HTTP/1.1" 302 0
[2023-11-19 10:39:12,601] [basehttp.py:212] [basehttp:log_message] [INFO]- "GET /admin/interview/candidate/ HTTP/1.1" 200 50267
[2023-11-19 10:39:12,708] [basehttp.py:212] [basehttp:log_message] [INFO]- "GET /admin/jsi18n/ HTTP/1.1" 200 8560
[2023-11-19 10:39:17,227] [basehttp.py:212] [basehttp:log_message] [INFO]- "GET /admin/interview/candidate/ HTTP/1.1" 200 26912
[2023-11-19 10:39:17,256] [basehttp.py:212] [basehttp:log_message] [INFO]- "GET /admin/jsi18n/ HTTP/1.1" 200 8560
[2023-11-19 10:39:20,540] [admin.py:104] [admin:get_readonly_fields] [INFO]- interviewer is in user group for zhang
[2023-11-19 10:39:20,550] [admin.py:104] [admin:get_readonly_fields] [INFO]- interviewer is in user group for zhang
[2023-11-19 10:39:20,622] [basehttp.py:212] [basehttp:log_message] [INFO]- "GET /admin/interview/candidate/1/change/ HTTP/1.1" 200 23839
[2023-11-19 10:39:20,656] [basehttp.py:212] [basehttp:log_message] [INFO]- "GET /admin/jsi18n/ HTTP/1.1" 200 8560
[2023-11-19 10:40:46,367] [basehttp.py:212] [basehttp:log_message] [INFO]- "GET /admin/interview/candidate/ HTTP/1.1" 200 26912
[2023-11-19 10:40:48,806] [admin.py:104] [admin:get_readonly_fields] [INFO]- interviewer is in user group for zhang
[2023-11-19 10:40:48,810] [admin.py:104] [admin:get_readonly_fields] [INFO]- interviewer is in user group for zhang
[2023-11-19 10:40:48,844] [basehttp.py:212] [basehttp:log_message] [INFO]- "GET /admin/interview/candidate/5/change/ HTTP/1.1" 200 22823
[2023-11-19 10:40:48,864] [basehttp.py:212] [basehttp:log_message] [INFO]- "GET /admin/jsi18n/ HTTP/1.1" 200 8560
[2023-11-19 10:40:52,297] [basehttp.py:212] [basehttp:log_message] [INFO]- "GET /admin/interview/candidate/ HTTP/1.1" 200 26912
[2023-11-19 10:40:55,025] [admin.py:104] [admin:get_readonly_fields] [INFO]- interviewer is in user group for zhang
[2023-11-19 10:40:55,029] [admin.py:104] [admin:get_readonly_fields] [INFO]- interviewer is in user group for zhang
[2023-11-19 10:40:55,063] [basehttp.py:212] [basehttp:log_message] [INFO]- "GET /admin/interview/candidate/1/change/ HTTP/1.1" 200 23839
[2023-11-19 10:40:55,085] [basehttp.py:212] [basehttp:log_message] [INFO]- "GET /admin/jsi18n/ HTTP/1.1" 200 8560
[2023-11-19 10:41:53,750] [basehttp.py:212] [basehttp:log_message] [INFO]- "GET /admin/logout/ HTTP/1.1" 200 4888
[2023-11-19 10:41:55,060] [basehttp.py:212] [basehttp:log_message] [INFO]- "GET /admin/ HTTP/1.1" 302 0
[2023-11-19 10:41:55,070] [basehttp.py:212] [basehttp:log_message] [INFO]- "GET /admin/login/?next=/admin/ HTTP/1.1" 200 6093
[2023-11-19 10:42:02,948] [basehttp.py:212] [basehttp:log_message] [INFO]- "POST /admin/login/?next=/admin/ HTTP/1.1" 200 6404
[2023-11-19 10:42:08,870] [basehttp.py:212] [basehttp:log_message] [INFO]- "POST /admin/login/?next=/admin/ HTTP/1.1" 302 0
[2023-11-19 10:42:08,886] [basehttp.py:212] [basehttp:log_message] [INFO]- "GET /admin/ HTTP/1.1" 200 8659
[2023-11-19 10:42:11,758] [basehttp.py:212] [basehttp:log_message] [INFO]- "GET /admin/interview/candidate/ HTTP/1.1" 200 38256
[2023-11-19 10:42:11,805] [basehttp.py:212] [basehttp:log_message] [INFO]- "GET /admin/jsi18n/ HTTP/1.1" 200 8560
[2023-11-19 10:42:25,124] [basehttp.py:212] [basehttp:log_message] [INFO]- "GET /admin/interview/candidate/5/change/ HTTP/1.1" 200 32934
[2023-11-19 10:42:25,155] [basehttp.py:212] [basehttp:log_message] [INFO]- "GET /admin/jsi18n/ HTTP/1.1" 200 8560
[2023-11-19 10:42:30,243] [basehttp.py:212] [basehttp:log_message] [INFO]- "GET /admin/interview/candidate/ HTTP/1.1" 200 38256
[2023-11-19 10:42:30,285] [basehttp.py:212] [basehttp:log_message] [INFO]- "GET /admin/jsi18n/ HTTP/1.1" 200 8560
[2023-11-19 10:42:33,873] [basehttp.py:212] [basehttp:log_message] [INFO]- "GET /admin/interview/candidate/2/change/ HTTP/1.1" 200 32866
[2023-11-19 10:42:33,907] [basehttp.py:212] [basehttp:log_message] [INFO]- "GET /admin/jsi18n/ HTTP/1.1" 200 8560
[2023-11-19 10:42:36,752] [basehttp.py:212] [basehttp:log_message] [INFO]- "GET /admin/interview/candidate/ HTTP/1.1" 200 38256
[2023-11-19 10:42:36,808] [basehttp.py:212] [basehttp:log_message] [INFO]- "GET /admin/jsi18n/ HTTP/1.1" 200 8560
[2023-11-19 10:42:38,384] [basehttp.py:212] [basehttp:log_message] [INFO]- "GET /admin/interview/candidate/6/change/ HTTP/1.1" 200 32961
[2023-11-19 10:42:38,427] [basehttp.py:212] [basehttp:log_message] [INFO]- "GET /admin/jsi18n/ HTTP/1.1" 200 8560
[2023-11-19 10:43:17,585] [basehttp.py:212] [basehttp:log_message] [INFO]- "GET /admin/interview/candidate/ HTTP/1.1" 200 38256
[2023-11-19 10:43:17,639] [basehttp.py:212] [basehttp:log_message] [INFO]- "GET /admin/jsi18n/ HTTP/1.1" 200 8560
[2023-11-19 10:43:29,548] [basehttp.py:212] [basehttp:log_message] [INFO]- "GET /admin/interview/candidate/6/change/ HTTP/1.1" 200 32961
[2023-11-19 10:43:29,596] [basehttp.py:212] [basehttp:log_message] [INFO]- "GET /admin/jsi18n/ HTTP/1.1" 200 8560
[2023-11-19 10:44:02,823] [basehttp.py:212] [basehttp:log_message] [INFO]- "GET /admin/interview/candidate/ HTTP/1.1" 200 38256
[2023-11-19 10:44:02,863] [basehttp.py:212] [basehttp:log_message] [INFO]- "GET /admin/jsi18n/ HTTP/1.1" 200 8560
[2023-11-19 10:45:25,771] [basehttp.py:212] [basehttp:log_message] [INFO]- "GET /admin/interview/candidate/ HTTP/1.1" 200 26912
[2023-11-19 10:45:25,835] [basehttp.py:212] [basehttp:log_message] [INFO]- "GET /admin/jsi18n/ HTTP/1.1" 200 8560
[2023-11-19 10:45:31,671] [admin.py:104] [admin:get_readonly_fields] [INFO]- interviewer is in user group for zhang
[2023-11-19 10:45:31,675] [admin.py:104] [admin:get_readonly_fields] [INFO]- interviewer is in user group for zhang
[2023-11-19 10:45:31,699] [basehttp.py:212] [basehttp:log_message] [INFO]- "GET /admin/interview/candidate/2/change/ HTTP/1.1" 200 22755
[2023-11-19 10:45:31,724] [basehttp.py:212] [basehttp:log_message] [INFO]- "GET /admin/jsi18n/ HTTP/1.1" 200 8560
[2023-11-19 10:45:58,076] [basehttp.py:212] [basehttp:log_message] [INFO]- "GET /admin/interview/candidate/ HTTP/1.1" 200 26912
[2023-11-19 10:45:58,120] [basehttp.py:212] [basehttp:log_message] [INFO]- "GET /admin/jsi18n/ HTTP/1.1" 200 8560
[2023-11-19 10:46:00,188] [admin.py:104] [admin:get_readonly_fields] [INFO]- interviewer is in user group for zhang
[2023-11-19 10:46:00,192] [admin.py:104] [admin:get_readonly_fields] [INFO]- interviewer is in user group for zhang
[2023-11-19 10:46:00,223] [basehttp.py:212] [basehttp:log_message] [INFO]- "GET /admin/interview/candidate/5/change/ HTTP/1.1" 200 22823
[2023-11-19 10:46:00,242] [basehttp.py:212] [basehttp:log_message] [INFO]- "GET /admin/jsi18n/ HTTP/1.1" 200 8560
[2023-11-19 13:22:37,079] [autoreload.py:266] [autoreload:trigger_reload] [INFO]- D:\git\manager_system\interview\admin.py changed, reloading.
[2023-11-19 13:22:39,324] [autoreload.py:668] [autoreload:run_with_reloader] [INFO]- Watching for file changes with StatReloader
[2023-11-19 13:25:44,344] [autoreload.py:266] [autoreload:trigger_reload] [INFO]- D:\git\manager_system\interview\admin.py changed, reloading.
[2023-11-19 13:25:46,325] [autoreload.py:668] [autoreload:run_with_reloader] [INFO]- Watching for file changes with StatReloader
[2023-11-19 13:27:10,216] [autoreload.py:266] [autoreload:trigger_reload] [INFO]- D:\git\manager_system\interview\admin.py changed, reloading.
[2023-11-19 13:27:12,078] [autoreload.py:668] [autoreload:run_with_reloader] [INFO]- Watching for file changes with StatReloader
[2023-11-19 13:27:23,128] [autoreload.py:266] [autoreload:trigger_reload] [INFO]- D:\git\manager_system\interview\admin.py changed, reloading.
[2023-11-19 13:27:25,103] [autoreload.py:668] [autoreload:run_with_reloader] [INFO]- Watching for file changes with StatReloader
[2023-11-19 13:29:07,058] [autoreload.py:266] [autoreload:trigger_reload] [INFO]- D:\git\manager_system\interview\admin.py changed, reloading.
[2023-11-19 13:29:09,267] [autoreload.py:668] [autoreload:run_with_reloader] [INFO]- Watching for file changes with StatReloader
[2023-11-19 15:30:02,743] [autoreload.py:266] [autoreload:trigger_reload] [INFO]- D:\git\manager_system\interview\admin.py changed, reloading.
[2023-11-19 15:30:05,194] [autoreload.py:668] [autoreload:run_with_reloader] [INFO]- Watching for file changes with StatReloader
[2023-11-19 15:33:19,037] [autoreload.py:266] [autoreload:trigger_reload] [INFO]- D:\git\manager_system\interview\admin.py changed, reloading.
[2023-11-19 15:33:21,057] [autoreload.py:668] [autoreload:run_with_reloader] [INFO]- Watching for file changes with StatReloader
[2023-11-19 15:35:32,396] [autoreload.py:266] [autoreload:trigger_reload] [INFO]- D:\git\manager_system\interview\admin.py changed, reloading.
[2023-11-19 15:35:34,599] [autoreload.py:668] [autoreload:run_with_reloader] [INFO]- Watching for file changes with StatReloader
[2023-11-19 15:36:05,914] [basehttp.py:212] [basehttp:log_message] [INFO]- "GET /admin/interview/candidate/ HTTP/1.1" 200 38256
[2023-11-19 15:36:05,994] [basehttp.py:212] [basehttp:log_message] [INFO]- "GET /admin/jsi18n/ HTTP/1.1" 200 8560
[2023-11-19 15:36:16,359] [basehttp.py:212] [basehttp:log_message] [INFO]- "GET /admin/interview/candidate/ HTTP/1.1" 200 26036
[2023-11-19 15:36:16,392] [basehttp.py:212] [basehttp:log_message] [INFO]- "GET /admin/jsi18n/ HTTP/1.1" 200 8560
[2023-11-19 15:36:34,159] [admin.py:119] [admin:get_readonly_fields] [INFO]- interviewer is in user group for zhang
[2023-11-19 15:36:34,165] [admin.py:119] [admin:get_readonly_fields] [INFO]- interviewer is in user group for zhang
[2023-11-19 15:36:34,283] [basehttp.py:212] [basehttp:log_message] [INFO]- "GET /admin/interview/candidate/1/change/ HTTP/1.1" 200 23839
[2023-11-19 15:36:34,317] [basehttp.py:212] [basehttp:log_message] [INFO]- "GET /admin/jsi18n/ HTTP/1.1" 200 8560
[2023-11-19 15:36:39,409] [basehttp.py:212] [basehttp:log_message] [INFO]- "GET /admin/interview/candidate/ HTTP/1.1" 200 26036
[2023-11-19 15:36:39,442] [basehttp.py:212] [basehttp:log_message] [INFO]- "GET /admin/jsi18n/ HTTP/1.1" 200 8560
[2023-11-19 15:39:27,490] [basehttp.py:212] [basehttp:log_message] [INFO]- "GET /admin/interview/candidate/ HTTP/1.1" 200 26036
[2023-11-19 15:39:27,528] [basehttp.py:212] [basehttp:log_message] [INFO]- "GET /admin/jsi18n/ HTTP/1.1" 200 8560
[2023-11-19 15:43:34,787] [autoreload.py:266] [autoreload:trigger_reload] [INFO]- D:\git\manager_system\interview\models.py changed, reloading.
[2023-11-19 15:43:37,092] [autoreload.py:668] [autoreload:run_with_reloader] [INFO]- Watching for file changes with StatReloader
[2023-11-19 15:45:26,224] [autoreload.py:266] [autoreload:trigger_reload] [INFO]- D:\git\manager_system\interview\models.py changed, reloading.
[2023-11-19 15:45:28,388] [autoreload.py:668] [autoreload:run_with_reloader] [INFO]- Watching for file changes with StatReloader
[2023-11-19 15:46:32,025] [autoreload.py:266] [autoreload:trigger_reload] [INFO]- D:\git\manager_system\interview\models.py changed, reloading.
[2023-11-19 15:46:34,196] [autoreload.py:668] [autoreload:run_with_reloader] [INFO]- Watching for file changes with StatReloader
[2023-11-19 15:50:24,091] [autoreload.py:266] [autoreload:trigger_reload] [INFO]- D:\git\manager_system\interview\admin.py changed, reloading.
[2023-11-19 15:50:26,271] [autoreload.py:668] [autoreload:run_with_reloader] [INFO]- Watching for file changes with StatReloader
[2023-11-19 15:53:03,177] [autoreload.py:266] [autoreload:trigger_reload] [INFO]- D:\git\manager_system\interview\admin.py changed, reloading.
[2023-11-19 15:53:05,142] [autoreload.py:668] [autoreload:run_with_reloader] [INFO]- Watching for file changes with StatReloader
[2023-11-19 15:53:23,530] [autoreload.py:266] [autoreload:trigger_reload] [INFO]- D:\git\manager_system\interview\admin.py changed, reloading.
[2023-11-19 15:53:25,792] [autoreload.py:668] [autoreload:run_with_reloader] [INFO]- Watching for file changes with StatReloader
[2023-11-19 15:55:00,780] [basehttp.py:212] [basehttp:log_message] [INFO]- "GET /admin/logout/ HTTP/1.1" 200 4888
[2023-11-19 15:55:02,861] [basehttp.py:212] [basehttp:log_message] [INFO]- "GET /admin/ HTTP/1.1" 302 0
[2023-11-19 15:55:02,883] [basehttp.py:212] [basehttp:log_message] [INFO]- "GET /admin/login/?next=/admin/ HTTP/1.1" 200 6093
[2023-11-19 15:55:08,066] [basehttp.py:212] [basehttp:log_message] [INFO]- "POST /admin/login/?next=/admin/ HTTP/1.1" 302 0
[2023-11-19 15:55:08,118] [basehttp.py:212] [basehttp:log_message] [INFO]- "GET /admin/ HTTP/1.1" 200 14057
[2023-11-19 15:55:15,779] [basehttp.py:212] [basehttp:log_message] [INFO]- "GET /admin/auth/group/ HTTP/1.1" 200 12727
[2023-11-19 15:55:15,878] [basehttp.py:212] [basehttp:log_message] [INFO]- "GET /admin/jsi18n/ HTTP/1.1" 200 8560
[2023-11-19 15:55:17,782] [basehttp.py:212] [basehttp:log_message] [INFO]- "GET /admin/auth/group/2/change/ HTTP/1.1" 200 17566
[2023-11-19 15:55:17,864] [basehttp.py:212] [basehttp:log_message] [INFO]- "GET /admin/jsi18n/ HTTP/1.1" 200 8560
[2023-11-19 15:55:17,963] [basehttp.py:212] [basehttp:log_message] [INFO]- "GET /static/grappelli/images/icons/searchbox.png HTTP/1.1" 200 3136
[2023-11-19 15:55:17,965] [basehttp.py:212] [basehttp:log_message] [INFO]- "GET /static/grappelli/images/icons/selector-add-m2m-horizontal.png HTTP/1.1" 200 2991
[2023-11-19 15:55:17,966] [basehttp.py:212] [basehttp:log_message] [INFO]- "GET /static/grappelli/images/icons/selector-remove-m2m-horizontal.png HTTP/1.1" 200 2998
[2023-11-19 15:58:08,443] [autoreload.py:668] [autoreload:run_with_reloader] [INFO]- Watching for file changes with StatReloader
